<?xml version="1.0" encoding="UTF-8"?>
<robot generator="Robot 7.1.1 (Python 3.13.0 on win32)" generated="2024-10-28T17:17:14.074709" rpa="false" schemaversion="5">
<suite id="s1" name="Coding DOJO" source="C:\Users\jofran.lima\OneDrive - Linx SA\Documentos\GIT\Coding DOJO">
<suite id="s1-s1" name="Login" source="C:\Users\jofran.lima\OneDrive - Linx SA\Documentos\GIT\Coding DOJO\login.robot">
<test id="s1-s1-t1" name="FARM-LXI-12345-Mudar senha" line="35">
<kw name="Abrir navegador" owner="login" type="SETUP">
<kw name="Open Browser" owner="SeleniumLibrary">
<msg time="2024-10-28T17:17:14.278440" level="INFO">Opening browser 'chrome' to base url 'https://opensource-demo.orangehrmlive.com/'.</msg>
<arg>${url}</arg>
<arg>chrome</arg>
<doc>Opens a new browser instance to the optional ``url``.</doc>
<status status="PASS" start="2024-10-28T17:17:14.278084" elapsed="5.942464"/>
</kw>
<kw name="Tempo de espera" owner="login">
<kw name="Set Selenium Implicit Wait" owner="SeleniumLibrary">
<arg>10</arg>
<doc>Sets the implicit wait value used by Selenium.</doc>
<status status="PASS" start="2024-10-28T17:17:20.221565" elapsed="0.001339"/>
</kw>
<status status="PASS" start="2024-10-28T17:17:20.221036" elapsed="0.002056"/>
</kw>
<status status="PASS" start="2024-10-28T17:17:14.277151" elapsed="5.946052"/>
</kw>
<kw name="Aguardar página carregar corretamente" owner="login">
<kw name="Element Should Be Visible" owner="SeleniumLibrary">
<msg time="2024-10-28T17:17:20.521827" level="INFO">Element 'css=h5' is displayed.</msg>
<arg>css=h5</arg>
<doc>Verifies that the element identified by ``locator`` is visible.</doc>
<status status="PASS" start="2024-10-28T17:17:20.224007" elapsed="0.298284"/>
</kw>
<kw name="Element Should Contain" owner="SeleniumLibrary">
<msg time="2024-10-28T17:17:20.539029" level="INFO">Element 'css=h5' contains text 'Login'.</msg>
<arg>css=h5</arg>
<arg>Login</arg>
<doc>Verifies that element ``locator`` contains text ``expected``.</doc>
<status status="PASS" start="2024-10-28T17:17:20.522612" elapsed="0.016627"/>
</kw>
<status status="PASS" start="2024-10-28T17:17:20.223638" elapsed="0.315749"/>
</kw>
<kw name="Informar usuário" owner="login">
<kw name="Input Text" owner="SeleniumLibrary">
<msg time="2024-10-28T17:17:20.540972" level="INFO">Typing text 'Admin' into text field 'name=username'.</msg>
<arg>name=username</arg>
<arg>${login}</arg>
<doc>Types the given ``text`` into the text field identified by ``locator``.</doc>
<status status="PASS" start="2024-10-28T17:17:20.540468" elapsed="0.070551"/>
</kw>
<arg>Admin</arg>
<status status="PASS" start="2024-10-28T17:17:20.539813" elapsed="0.071370"/>
</kw>
<kw name="Informar senha" owner="login">
<kw name="Input Text" owner="SeleniumLibrary">
<msg time="2024-10-28T17:17:20.612294" level="INFO">Typing text 'admin123' into text field 'name=password'.</msg>
<arg>name=password</arg>
<arg>${senha}</arg>
<doc>Types the given ``text`` into the text field identified by ``locator``.</doc>
<status status="PASS" start="2024-10-28T17:17:20.612015" elapsed="0.074999"/>
</kw>
<arg>admin123</arg>
<status status="PASS" start="2024-10-28T17:17:20.611573" elapsed="0.075655"/>
</kw>
<kw name="Clicar no botão logar" owner="login">
<kw name="Click Element" owner="SeleniumLibrary">
<msg time="2024-10-28T17:17:20.690731" level="INFO">Clicking element 'css=button[type="submit"]'.</msg>
<arg>css=button[type="submit"]</arg>
<doc>Click the element identified by ``locator``.</doc>
<status status="PASS" start="2024-10-28T17:17:20.690201" elapsed="0.075884"/>
</kw>
<status status="PASS" start="2024-10-28T17:17:20.688827" elapsed="0.077437"/>
</kw>
<kw name="Aguardar até a busca estar visivel" owner="login">
<kw name="Wait Until Element Is Visible" owner="SeleniumLibrary">
<arg>css=input[placeholder="Search"]</arg>
<arg>timeout=10</arg>
<doc>Waits until the element ``locator`` is visible.</doc>
<status status="PASS" start="2024-10-28T17:17:20.767391" elapsed="1.092046"/>
</kw>
<kw name="Input Text" owner="SeleniumLibrary">
<msg time="2024-10-28T17:17:21.860471" level="INFO">Typing text 'Seu texto aqui' into text field 'css=input[placeholder="Search"]'.</msg>
<arg>css=input[placeholder="Search"]</arg>
<arg>Seu texto aqui</arg>
<doc>Types the given ``text`` into the text field identified by ``locator``.</doc>
<status status="PASS" start="2024-10-28T17:17:21.859763" elapsed="0.061368"/>
</kw>
<status status="PASS" start="2024-10-28T17:17:20.766713" elapsed="1.154583"/>
</kw>
<kw name="CLicar no avatar" owner="login">
<kw name="Click Element" owner="SeleniumLibrary">
<msg time="2024-10-28T17:17:21.922601" level="INFO">Clicking element 'css=.oxd-userdropdown-tab'.</msg>
<arg>css=.oxd-userdropdown-tab</arg>
<doc>Click the element identified by ``locator``.</doc>
<status status="PASS" start="2024-10-28T17:17:21.922260" elapsed="0.051209"/>
</kw>
<kw name="Sleep" owner="BuiltIn">
<msg time="2024-10-28T17:17:26.974583" level="INFO">Slept 5 seconds.</msg>
<arg>5</arg>
<doc>Pauses the test executed for the given time.</doc>
<status status="PASS" start="2024-10-28T17:17:21.973853" elapsed="5.001197"/>
</kw>
<kw name="Click Element" owner="SeleniumLibrary">
<msg time="2024-10-28T17:17:26.976198" level="INFO">Clicking element 'css=button.oxd-button--secondary:contains('Save')'.</msg>
<msg time="2024-10-28T17:17:27.090761" level="INFO" html="true">&lt;/td&gt;&lt;/tr&gt;&lt;tr&gt;&lt;td colspan="3"&gt;&lt;a href="selenium-screenshot-13.png"&gt;&lt;img src="selenium-screenshot-13.png" width="800px"&gt;&lt;/a&gt;</msg>
<msg time="2024-10-28T17:17:27.091471" level="FAIL">InvalidSelectorException: Message: invalid selector
from javascript error: {"status":32,"value":"An invalid or illegal selector was specified"}
  (Session info: chrome=130.0.6723.70); For documentation on this error, please visit: https://www.selenium.dev/documentation/webdriver/troubleshooting/errors#invalid-selector-exception
Stacktrace:
	GetHandleVerifier [0x00007FF735A83AB5+28005]
	(No symbol) [0x00007FF7359E83B0]
	(No symbol) [0x00007FF73588580A]
	(No symbol) [0x00007FF73588C2CC]
	(No symbol) [0x00007FF73588E5E7]
	(No symbol) [0x00007FF73588E6A0]
	(No symbol) [0x00007FF7358D54EA]
	(No symbol) [0x00007FF7358D5D2C]
	(No symbol) [0x00007FF73591EAC7]
	(No symbol) [0x00007FF7358FBA7F]
	(No symbol) [0x00007FF73591B8B3]
	(No symbol) [0x00007FF7358FB7E3]
	(No symbol) [0x00007FF7358C75C8]
	(No symbol) [0x00007FF7358C8731]
	GetHandleVerifier [0x00007FF735D7643D+3118829]
	GetHandleVerifier [0x00007FF735DC6C90+3448640]
	GetHandleVerifier [0x00007FF735DBCF0D+3408317]
	GetHandleVerifier [0x00007FF735B4A40B+841403]
	(No symbol) [0x00007FF7359F340F]
	(No symbol) [0x00007FF7359EF484]
	(No symbol) [0x00007FF7359EF61D]
	(No symbol) [0x00007FF7359DEB79]
	BaseThreadInitThunk [0x00007FFA45B77374+20]
	RtlUserThreadStart [0x00007FFA46BBCC91+33]
</msg>
<arg>css=button.oxd-button--secondary:contains('Save')</arg>
<doc>Click the element identified by ``locator``.</doc>
<status status="FAIL" start="2024-10-28T17:17:26.975468" elapsed="0.127393">InvalidSelectorException: Message: invalid selector
from javascript error: {"status":32,"value":"An invalid or illegal selector was specified"}
  (Session info: chrome=130.0.6723.70); For documentation on this error, please visit: https://www.selenium.dev/documentation/webdriver/troubleshooting/errors#invalid-selector-exception
Stacktrace:
	GetHandleVerifier [0x00007FF735A83AB5+28005]
	(No symbol) [0x00007FF7359E83B0]
	(No symbol) [0x00007FF73588580A]
	(No symbol) [0x00007FF73588C2CC]
	(No symbol) [0x00007FF73588E5E7]
	(No symbol) [0x00007FF73588E6A0]
	(No symbol) [0x00007FF7358D54EA]
	(No symbol) [0x00007FF7358D5D2C]
	(No symbol) [0x00007FF73591EAC7]
	(No symbol) [0x00007FF7358FBA7F]
	(No symbol) [0x00007FF73591B8B3]
	(No symbol) [0x00007FF7358FB7E3]
	(No symbol) [0x00007FF7358C75C8]
	(No symbol) [0x00007FF7358C8731]
	GetHandleVerifier [0x00007FF735D7643D+3118829]
	GetHandleVerifier [0x00007FF735DC6C90+3448640]
	GetHandleVerifier [0x00007FF735DBCF0D+3408317]
	GetHandleVerifier [0x00007FF735B4A40B+841403]
	(No symbol) [0x00007FF7359F340F]
	(No symbol) [0x00007FF7359EF484]
	(No symbol) [0x00007FF7359EF61D]
	(No symbol) [0x00007FF7359DEB79]
	BaseThreadInitThunk [0x00007FFA45B77374+20]
	RtlUserThreadStart [0x00007FFA46BBCC91+33]
</status>
</kw>
<status status="FAIL" start="2024-10-28T17:17:21.921653" elapsed="5.181788">InvalidSelectorException: Message: invalid selector
from javascript error: {"status":32,"value":"An invalid or illegal selector was specified"}
  (Session info: chrome=130.0.6723.70); For documentation on this error, please visit: https://www.selenium.dev/documentation/webdriver/troubleshooting/errors#invalid-selector-exception
Stacktrace:
	GetHandleVerifier [0x00007FF735A83AB5+28005]
	(No symbol) [0x00007FF7359E83B0]
	(No symbol) [0x00007FF73588580A]
	(No symbol) [0x00007FF73588C2CC]
	(No symbol) [0x00007FF73588E5E7]
	(No symbol) [0x00007FF73588E6A0]
	(No symbol) [0x00007FF7358D54EA]
	(No symbol) [0x00007FF7358D5D2C]
	(No symbol) [0x00007FF73591EAC7]
	(No symbol) [0x00007FF7358FBA7F]
	(No symbol) [0x00007FF73591B8B3]
	(No symbol) [0x00007FF7358FB7E3]
	(No symbol) [0x00007FF7358C75C8]
	(No symbol) [0x00007FF7358C8731]
	GetHandleVerifier [0x00007FF735D7643D+3118829]
	GetHandleVerifier [0x00007FF735DC6C90+3448640]
	GetHandleVerifier [0x00007FF735DBCF0D+3408317]
	GetHandleVerifier [0x00007FF735B4A40B+841403]
	(No symbol) [0x00007FF7359F340F]
	(No symbol) [0x00007FF7359EF484]
	(No symbol) [0x00007FF7359EF61D]
	(No symbol) [0x00007FF7359DEB79]
	BaseThreadInitThunk [0x00007FFA45B77374+20]
	RtlUserThreadStart [0x00007FFA46BBCC91+33]
</status>
</kw>
<kw name="Fechar navegador" owner="login" type="TEARDOWN">
<kw name="Close Browser" owner="SeleniumLibrary">
<doc>Closes the current browser.</doc>
<status status="PASS" start="2024-10-28T17:17:27.104535" elapsed="2.226386"/>
</kw>
<status status="PASS" start="2024-10-28T17:17:27.104091" elapsed="2.227079"/>
</kw>
<status status="FAIL" start="2024-10-28T17:17:14.275871" elapsed="15.055794">InvalidSelectorException: Message: invalid selector
from javascript error: {"status":32,"value":"An invalid or illegal selector was specified"}
  (Session info: chrome=130.0.6723.70); For documentation on this error, please visit: https://www.selenium.dev/documentation/webdriver/troubleshooting/errors#invalid-selector-exception
Stacktrace:
	GetHandleVerifier [0x00007FF735A83AB5+28005]
	(No symbol) [0x00007FF7359E83B0]
	(No symbol) [0x00007FF73588580A]
	(No symbol) [0x00007FF73588C2CC]
	(No symbol) [0x00007FF73588E5E7]
	(No symbol) [0x00007FF73588E6A0]
	(No symbol) [0x00007FF7358D54EA]
	(No symbol) [0x00007FF7358D5D2C]
	(No symbol) [0x00007FF73591EAC7]
	(No symbol) [0x00007FF7358FBA7F]
	(No symbol) [0x00007FF73591B8B3]
	(No symbol) [0x00007FF7358FB7E3]
	(No symbol) [0x00007FF7358C75C8]
	(No symbol) [0x00007FF7358C8731]
	GetHandleVerifier [0x00007FF735D7643D+3118829]
	GetHandleVerifier [0x00007FF735DC6C90+3448640]
	GetHandleVerifier [0x00007FF735DBCF0D+3408317]
	GetHandleVerifier [0x00007FF735B4A40B+841403]
	(No symbol) [0x00007FF7359F340F]
	(No symbol) [0x00007FF7359EF484]
	(No symbol) [0x00007FF7359EF61D]
	(No symbol) [0x00007FF7359DEB79]
	BaseThreadInitThunk [0x00007FFA45B77374+20]
	RtlUserThreadStart [0x00007FFA46BBCC91+33]
</status>
</test>
<status status="FAIL" start="2024-10-28T17:17:14.096602" elapsed="15.240872"/>
</suite>
<status status="FAIL" start="2024-10-28T17:17:14.079381" elapsed="15.259390"/>
</suite>
<statistics>
<total>
<stat pass="0" fail="1" skip="0">All Tests</stat>
</total>
<tag>
</tag>
<suite>
<stat pass="0" fail="1" skip="0" id="s1" name="Coding DOJO">Coding DOJO</stat>
<stat pass="0" fail="1" skip="0" id="s1-s1" name="Login">Coding DOJO.Login</stat>
</suite>
</statistics>
<errors>
</errors>
</robot>
