<?xml version="1.0" encoding="UTF-8"?>
<robot generator="Robot 7.1.1 (Python 3.13.0 on win32)" generated="2024-10-28T15:23:20.436423" rpa="false" schemaversion="5">
<suite id="s1" name="Coding DOJO" source="C:\Users\jofran.lima\OneDrive - Linx SA\Documentos\GIT\Coding DOJO">
<suite id="s1-s1" name="Login" source="C:\Users\jofran.lima\OneDrive - Linx SA\Documentos\GIT\Coding DOJO\login.robot">
<test id="s1-s1-t1" name="FARM-LXI-1234" line="10">
<kw name="Abrir navegador" owner="login" type="SETUP">
<kw name="Open Browser" owner="SeleniumLibrary">
<msg time="2024-10-28T15:23:20.625273" level="INFO">Opening browser 'chrome' to base url 'https://opensource-demo.orangehrmlive.com/'.</msg>
<arg>${url}</arg>
<arg>chrome</arg>
<doc>Opens a new browser instance to the optional ``url``.</doc>
<status status="PASS" start="2024-10-28T15:23:20.624830" elapsed="4.251146"/>
</kw>
<kw name="Sleep" owner="BuiltIn">
<msg time="2024-10-28T15:23:29.878852" level="INFO">Slept 5 seconds.</msg>
<arg>5</arg>
<doc>Pauses the test executed for the given time.</doc>
<status status="PASS" start="2024-10-28T15:23:24.876570" elapsed="5.003194"/>
</kw>
<status status="PASS" start="2024-10-28T15:23:20.623391" elapsed="9.256986"/>
</kw>
<kw name="Aguardar página carregar corretamente" owner="login">
<kw name="Element Should Be Visible" owner="SeleniumLibrary">
<msg time="2024-10-28T15:23:29.919191" level="INFO">Element 'css=h5' is displayed.</msg>
<arg>css=h5</arg>
<doc>Verifies that the element identified by ``locator`` is visible.</doc>
<status status="PASS" start="2024-10-28T15:23:29.882640" elapsed="0.037057"/>
</kw>
<kw name="Element Should Contain" owner="SeleniumLibrary">
<msg time="2024-10-28T15:23:29.955446" level="INFO">Element 'css=h5' contains text 'Login'.</msg>
<arg>css=h5</arg>
<arg>Login</arg>
<doc>Verifies that element ``locator`` contains text ``expected``.</doc>
<status status="PASS" start="2024-10-28T15:23:29.920101" elapsed="0.035843"/>
</kw>
<status status="PASS" start="2024-10-28T15:23:29.881453" elapsed="0.074814"/>
</kw>
<kw name="Informar usuário" owner="login">
<kw name="Input Text" owner="SeleniumLibrary">
<msg time="2024-10-28T15:23:29.959493" level="INFO">Typing text 'X' into text field 'name=username'.</msg>
<arg>name=username</arg>
<arg>${login}</arg>
<doc>Types the given ``text`` into the text field identified by ``locator``.</doc>
<status status="PASS" start="2024-10-28T15:23:29.958628" elapsed="0.143221"/>
</kw>
<arg>X</arg>
<status status="PASS" start="2024-10-28T15:23:29.957246" elapsed="0.145094"/>
</kw>
<kw name="Informar senha" owner="login">
<kw name="Input Text" owner="SeleniumLibrary">
<msg time="2024-10-28T15:23:30.104808" level="INFO">Typing text 'X' into text field 'name=password'.</msg>
<arg>name=password</arg>
<arg>${senha}</arg>
<doc>Types the given ``text`` into the text field identified by ``locator``.</doc>
<status status="PASS" start="2024-10-28T15:23:30.103963" elapsed="0.132453"/>
</kw>
<arg>X</arg>
<status status="PASS" start="2024-10-28T15:23:30.102989" elapsed="0.133717"/>
</kw>
<kw name="Clicar no botão logar" owner="login">
<kw name="Click Button" owner="SeleniumLibrary">
<msg time="2024-10-28T15:23:30.239205" level="INFO">Clicking button 'css=div.orangehrm-login-layout div.orangehrm-login-layout-blob div.orangehrm-login-container div.orangehrm-login-slot-wrapper div.orangehrm-login-slot div.orangehrm-login-form form.oxd-form div.oxd-form-actions.orangehrm-login-action:nth-child(4) &gt; button.oxd-button.oxd-button--medium.oxd-button--main.orangehrm-login-button'.</msg>
<arg>css=div.orangehrm-login-layout div.orangehrm-login-layout-blob div.orangehrm-login-container div.orangehrm-login-slot-wrapper div.orangehrm-login-slot div.orangehrm-login-form form.oxd-form div.oxd-form-actions.orangehrm-login-action:nth-child(4) &gt; button.oxd-button.oxd-button--medium.oxd-button--main.orangehrm-login-button</arg>
<doc>Clicks the button identified by ``locator``.</doc>
<status status="PASS" start="2024-10-28T15:23:30.238592" elapsed="0.639541"/>
</kw>
<status status="PASS" start="2024-10-28T15:23:30.237476" elapsed="0.641001"/>
</kw>
<kw name="Fechar navegador" owner="login" type="TEARDOWN">
<kw name="Close Browser" owner="SeleniumLibrary">
<doc>Closes the current browser.</doc>
<status status="PASS" start="2024-10-28T15:23:30.880539" elapsed="2.273097"/>
</kw>
<status status="PASS" start="2024-10-28T15:23:30.879433" elapsed="2.274403"/>
</kw>
<tag>Alto</tag>
<tag>Login</tag>
<status status="PASS" start="2024-10-28T15:23:20.621663" elapsed="12.532512"/>
</test>
<status status="PASS" start="2024-10-28T15:23:20.456894" elapsed="12.699886"/>
</suite>
<status status="PASS" start="2024-10-28T15:23:20.440270" elapsed="12.719728"/>
</suite>
<statistics>
<total>
<stat pass="1" fail="0" skip="0">All Tests</stat>
</total>
<tag>
<stat pass="1" fail="0" skip="0">Alto</stat>
<stat pass="1" fail="0" skip="0">Login</stat>
</tag>
<suite>
<stat pass="1" fail="0" skip="0" id="s1" name="Coding DOJO">Coding DOJO</stat>
<stat pass="1" fail="0" skip="0" id="s1-s1" name="Login">Coding DOJO.Login</stat>
</suite>
</statistics>
<errors>
</errors>
</robot>
